<?xml version="1.0" encoding="UTF-8"?>
<!-- Generated by org.testng.reporters.JUnitReportReporter -->
<testsuite hostname="DESKTOP-KB7GA1K" failures="0" tests="1" name="Tests.TC20_SearchAndCartAfterLogin" time="20.026" errors="0" timestamp="2025-05-09T16:36:37 EEST" skipped="0">
  <testcase classname="Tests.TC20_SearchAndCartAfterLogin" name="searchAndAddToCartAfterLogin" time="20.026"/>
</testsuite> <!-- Tests.TC20_SearchAndCartAfterLogin -->
