<?xml version="1.0" encoding="UTF-8"?>
<!-- Generated by org.testng.reporters.JUnitReportReporter -->
<testsuite hostname="DESKTOP-KB7GA1K" failures="0" tests="1" name="Tests.TC25" time="19.967" errors="0" timestamp="2025-05-09T16:36:37 EEST" skipped="0">
  <testcase classname="Tests.TC25" name="testScrollFunctionality" time="19.967"/>
</testsuite> <!-- Tests.TC25 -->
