<?xml version="1.0" encoding="UTF-8"?>
<!-- Generated by org.testng.reporters.JUnitReportReporter -->
<testsuite hostname="DESKTOP-KB7GA1K" failures="0" tests="1" name="TeatCases.TC01_RegisterUse" time="72.984" errors="0" timestamp="2025-05-08T16:54:15 EEST" skipped="0">
  <testcase classname="TeatCases.TC01_RegisterUse" name="registerUser" time="72.984"/>
</testsuite> <!-- TeatCases.TC01_RegisterUse -->
