<?xml version="1.0" encoding="UTF-8"?>
<!-- Generated by org.testng.reporters.JUnitReportReporter -->
<testsuite hostname="DESKTOP-KB7GA1K" failures="0" tests="1" name="Tests.TC22" time="22.152" errors="0" timestamp="2025-05-09T16:36:37 EEST" skipped="0">
  <testcase classname="Tests.TC22" name="addRecommendedItemToCart" time="22.152"/>
</testsuite> <!-- Tests.TC22 -->
