<?xml version="1.0" encoding="UTF-8"?>
<!-- Generated by org.testng.reporters.JUnitReportReporter -->
<testsuite hostname="LAPTOP-4QBINALR" failures="0" tests="5" name="Test_case13" time="5.584" errors="0" timestamp="2025-05-10T01:44:04 EEST" skipped="0">
  <testcase classname="Test_case13" name="ViewProduct" time="2.762"/>
  <testcase classname="Test_case13" name="VerfiyView" time="0.023"/>
  <testcase classname="Test_case13" name="increaseQuantity" time="0.074"/>
  <testcase classname="Test_case13" name="AddtoCart" time="2.653"/>
  <testcase classname="Test_case13" name="checking" time="0.072"/>
</testsuite> <!-- Test_case13 -->
