<?xml version="1.0" encoding="UTF-8"?>
<!-- Generated by org.testng.reporters.JUnitReportReporter -->
<testsuite hostname="LAPTOP-4QBINALR" failures="0" tests="6" name="Test_Case11" time="2.437" errors="0" timestamp="2025-05-10T01:44:04 EEST" skipped="0">
  <testcase classname="Test_Case11" name="homePageVerfication" time="0.010"/>
  <testcase classname="Test_Case11" name="CartBtnverfiy" time="2.011"/>
  <testcase classname="Test_Case11" name="ScrollDown" time="0.023"/>
  <testcase classname="Test_Case11" name="VerfiySub" time="0.026"/>
  <testcase classname="Test_Case11" name="EmailBttn" time="0.340"/>
  <testcase classname="Test_Case11" name="SucessMsg" time="0.027"/>
</testsuite> <!-- Test_Case11 -->
