<?xml version="1.0" encoding="UTF-8"?>
<!-- Generated by org.testng.reporters.JUnitReportReporter -->
<testsuite hostname="LAPTOP-4QBINALR" failures="0" tests="5" name="Test_Case10" time="0.686" errors="0" timestamp="2025-05-10T01:29:22 EEST" skipped="0">
  <testcase classname="Test_Case10" name="homePageVerfication" time="0.179"/>
  <testcase classname="Test_Case10" name="ScrollDown" time="0.073"/>
  <testcase classname="Test_Case10" name="VerfiySub" time="0.052"/>
  <testcase classname="Test_Case10" name="EmailBttn" time="0.351"/>
  <testcase classname="Test_Case10" name="SucessMsg" time="0.031"/>
</testsuite> <!-- Test_Case10 -->
